<?xml version="1.0" encoding="UTF-8"?>
<testng-results ignored="0" total="1" passed="1" failed="0" skipped="0">
  <reporter-output>
  </reporter-output>
  <suite started-at="2024-04-28T17:40:40 IST" name="Default suite" finished-at="2024-04-28T17:40:40 IST" duration-ms="160">
    <groups>
    </groups>
    <test started-at="2024-04-28T17:40:40 IST" name="Default test" finished-at="2024-04-28T17:40:40 IST" duration-ms="160">
      <class name="testng.testngtest">
        <test-method signature="testcase1()[pri:0, instance:testng.testngtest@5ffead27]" started-at="2024-04-28T17:40:40 IST" name="testcase1" finished-at="2024-04-28T17:40:40 IST" duration-ms="37" status="PASS">
          <reporter-output>
          </reporter-output>
        </test-method> <!-- testcase1 -->
      </class> <!-- testng.testngtest -->
    </test> <!-- Default test -->
  </suite> <!-- Default suite -->
</testng-results>
